Performing C SOURCE FILE Test CMAKE_HAVE_LIBC_PTHREAD failed with the following output:
Change Dir: /home/fanyang/Documents/cv_cpp/modern_cpp_sol/hw7/homework_7/build/CMakeFiles/CMakeTmp

Run Build Command(s):/usr/bin/make cmTC_c0a8b/fast && /usr/bin/make  -f CMakeFiles/cmTC_c0a8b.dir/build.make CMakeFiles/cmTC_c0a8b.dir/build
make[1]: Entering directory '/home/fanyang/Documents/cv_cpp/modern_cpp_sol/hw7/homework_7/build/CMakeFiles/CMakeTmp'
Building C object CMakeFiles/cmTC_c0a8b.dir/src.c.o
/usr/bin/cc   -DCMAKE_HAVE_LIBC_PTHREAD -o CMakeFiles/cmTC_c0a8b.dir/src.c.o -c /home/fanyang/Documents/cv_cpp/modern_cpp_sol/hw7/homework_7/build/CMakeFiles/CMakeTmp/src.c
Linking C executable cmTC_c0a8b
/usr/bin/cmake -E cmake_link_script CMakeFiles/cmTC_c0a8b.dir/link.txt --verbose=1
/usr/bin/cc  -DCMAKE_HAVE_LIBC_PTHREAD CMakeFiles/cmTC_c0a8b.dir/src.c.o -o cmTC_c0a8b 
ld: error: undefined symbol: pthread_create
>>> referenced by src.c
>>>               CMakeFiles/cmTC_c0a8b.dir/src.c.o:(main)

ld: error: undefined symbol: pthread_detach
>>> referenced by src.c
>>>               CMakeFiles/cmTC_c0a8b.dir/src.c.o:(main)

ld: error: undefined symbol: pthread_cancel
>>> referenced by src.c
>>>               CMakeFiles/cmTC_c0a8b.dir/src.c.o:(main)

ld: error: undefined symbol: pthread_join
>>> referenced by src.c
>>>               CMakeFiles/cmTC_c0a8b.dir/src.c.o:(main)

ld: error: undefined symbol: pthread_atfork
>>> referenced by src.c
>>>               CMakeFiles/cmTC_c0a8b.dir/src.c.o:(main)
clang: error: linker command failed with exit code 1 (use -v to see invocation)
CMakeFiles/cmTC_c0a8b.dir/build.make:105: recipe for target 'cmTC_c0a8b' failed
make[1]: *** [cmTC_c0a8b] Error 1
make[1]: Leaving directory '/home/fanyang/Documents/cv_cpp/modern_cpp_sol/hw7/homework_7/build/CMakeFiles/CMakeTmp'
Makefile:140: recipe for target 'cmTC_c0a8b/fast' failed
make: *** [cmTC_c0a8b/fast] Error 2


Source file was:
#include <pthread.h>

void* test_func(void* data)
{
  return data;
}

int main(void)
{
  pthread_t thread;
  pthread_create(&thread, NULL, test_func, NULL);
  pthread_detach(thread);
  pthread_cancel(thread);
  pthread_join(thread, NULL);
  pthread_atfork(NULL, NULL, NULL);
  pthread_exit(NULL);

  return 0;
}

Determining if the function pthread_create exists in the pthreads failed with the following output:
Change Dir: /home/fanyang/Documents/cv_cpp/modern_cpp_sol/hw7/homework_7/build/CMakeFiles/CMakeTmp

Run Build Command(s):/usr/bin/make cmTC_8b5c9/fast && /usr/bin/make  -f CMakeFiles/cmTC_8b5c9.dir/build.make CMakeFiles/cmTC_8b5c9.dir/build
make[1]: Entering directory '/home/fanyang/Documents/cv_cpp/modern_cpp_sol/hw7/homework_7/build/CMakeFiles/CMakeTmp'
Building C object CMakeFiles/cmTC_8b5c9.dir/CheckFunctionExists.c.o
/usr/bin/cc   -DCHECK_FUNCTION_EXISTS=pthread_create -o CMakeFiles/cmTC_8b5c9.dir/CheckFunctionExists.c.o -c /usr/share/cmake-3.18/Modules/CheckFunctionExists.c
Linking C executable cmTC_8b5c9
/usr/bin/cmake -E cmake_link_script CMakeFiles/cmTC_8b5c9.dir/link.txt --verbose=1
/usr/bin/cc  -DCHECK_FUNCTION_EXISTS=pthread_create CMakeFiles/cmTC_8b5c9.dir/CheckFunctionExists.c.o -o cmTC_8b5c9  -lpthreads 
ld: error: unable to find library -lpthreads
clang: error: linker command failed with exit code 1 (use -v to see invocation)
CMakeFiles/cmTC_8b5c9.dir/build.make:105: recipe for target 'cmTC_8b5c9' failed
make[1]: *** [cmTC_8b5c9] Error 1
make[1]: Leaving directory '/home/fanyang/Documents/cv_cpp/modern_cpp_sol/hw7/homework_7/build/CMakeFiles/CMakeTmp'
Makefile:140: recipe for target 'cmTC_8b5c9/fast' failed
make: *** [cmTC_8b5c9/fast] Error 2



