Performing C SOURCE FILE Test CMAKE_HAVE_LIBC_PTHREAD failed with the following output:
Change Dir: /home/fanyang/Documents/cv_cpp/modern_cpp_sol/hw6/homework_6/build/CMakeFiles/CMakeTmp

Run Build Command(s):/usr/bin/make cmTC_05079/fast && /usr/bin/make  -f CMakeFiles/cmTC_05079.dir/build.make CMakeFiles/cmTC_05079.dir/build
make[1]: Entering directory '/home/fanyang/Documents/cv_cpp/modern_cpp_sol/hw6/homework_6/build/CMakeFiles/CMakeTmp'
Building C object CMakeFiles/cmTC_05079.dir/src.c.o
/usr/bin/clang-10   -DCMAKE_HAVE_LIBC_PTHREAD -o CMakeFiles/cmTC_05079.dir/src.c.o -c /home/fanyang/Documents/cv_cpp/modern_cpp_sol/hw6/homework_6/build/CMakeFiles/CMakeTmp/src.c
Linking C executable cmTC_05079
/usr/bin/cmake -E cmake_link_script CMakeFiles/cmTC_05079.dir/link.txt --verbose=1
/usr/bin/clang-10  -DCMAKE_HAVE_LIBC_PTHREAD CMakeFiles/cmTC_05079.dir/src.c.o -o cmTC_05079 
ld: error: undefined symbol: pthread_create
>>> referenced by src.c
>>>               CMakeFiles/cmTC_05079.dir/src.c.o:(main)

ld: error: undefined symbol: pthread_detach
>>> referenced by src.c
>>>               CMakeFiles/cmTC_05079.dir/src.c.o:(main)

ld: error: undefined symbol: pthread_cancel
>>> referenced by src.c
>>>               CMakeFiles/cmTC_05079.dir/src.c.o:(main)

ld: error: undefined symbol: pthread_join
>>> referenced by src.c
>>>               CMakeFiles/cmTC_05079.dir/src.c.o:(main)

ld: error: undefined symbol: pthread_atfork
>>> referenced by src.c
>>>               CMakeFiles/cmTC_05079.dir/src.c.o:(main)
clang: error: linker command failed with exit code 1 (use -v to see invocation)
CMakeFiles/cmTC_05079.dir/build.make:105: recipe for target 'cmTC_05079' failed
make[1]: *** [cmTC_05079] Error 1
make[1]: Leaving directory '/home/fanyang/Documents/cv_cpp/modern_cpp_sol/hw6/homework_6/build/CMakeFiles/CMakeTmp'
Makefile:140: recipe for target 'cmTC_05079/fast' failed
make: *** [cmTC_05079/fast] Error 2


Source file was:
#include <pthread.h>

void* test_func(void* data)
{
  return data;
}

int main(void)
{
  pthread_t thread;
  pthread_create(&thread, NULL, test_func, NULL);
  pthread_detach(thread);
  pthread_cancel(thread);
  pthread_join(thread, NULL);
  pthread_atfork(NULL, NULL, NULL);
  pthread_exit(NULL);

  return 0;
}

Determining if the function pthread_create exists in the pthreads failed with the following output:
Change Dir: /home/fanyang/Documents/cv_cpp/modern_cpp_sol/hw6/homework_6/build/CMakeFiles/CMakeTmp

Run Build Command(s):/usr/bin/make cmTC_5c8d9/fast && /usr/bin/make  -f CMakeFiles/cmTC_5c8d9.dir/build.make CMakeFiles/cmTC_5c8d9.dir/build
make[1]: Entering directory '/home/fanyang/Documents/cv_cpp/modern_cpp_sol/hw6/homework_6/build/CMakeFiles/CMakeTmp'
Building C object CMakeFiles/cmTC_5c8d9.dir/CheckFunctionExists.c.o
/usr/bin/clang-10   -DCHECK_FUNCTION_EXISTS=pthread_create -o CMakeFiles/cmTC_5c8d9.dir/CheckFunctionExists.c.o -c /usr/share/cmake-3.18/Modules/CheckFunctionExists.c
Linking C executable cmTC_5c8d9
/usr/bin/cmake -E cmake_link_script CMakeFiles/cmTC_5c8d9.dir/link.txt --verbose=1
/usr/bin/clang-10  -DCHECK_FUNCTION_EXISTS=pthread_create CMakeFiles/cmTC_5c8d9.dir/CheckFunctionExists.c.o -o cmTC_5c8d9  -lpthreads 
ld: error: unable to find library -lpthreads
clang: error: linker command failed with exit code 1 (use -v to see invocation)
CMakeFiles/cmTC_5c8d9.dir/build.make:105: recipe for target 'cmTC_5c8d9' failed
make[1]: *** [cmTC_5c8d9] Error 1
make[1]: Leaving directory '/home/fanyang/Documents/cv_cpp/modern_cpp_sol/hw6/homework_6/build/CMakeFiles/CMakeTmp'
Makefile:140: recipe for target 'cmTC_5c8d9/fast' failed
make: *** [cmTC_5c8d9/fast] Error 2



